This is pdfTeX, Version 3.1415926-2.5-1.40.14 (MiKTeX 2.9) (preloaded format=pdflatex 2014.2.26)  27 JUL 2014 13:48
entering extended mode
**eeesr_manuscript.tex

("D:\Datasets\Hill and Jones - Empirical Evaluation of HR Variables\eeesr-maste
r\manuscript\eeesr_manuscript.tex"
LaTeX2e <2011/06/27>
Babel <v3.8m> and hyphenation patterns for english, afrikaans, ancientgreek, ar
abic, armenian, assamese, basque, bengali, bokmal, bulgarian, catalan, coptic, 
croatian, czech, danish, dutch, esperanto, estonian, farsi, finnish, french, ga
lician, german, german-x-2013-05-26, greek, gujarati, hindi, hungarian, iceland
ic, indonesian, interlingua, irish, italian, kannada, kurmanji, latin, latvian,
 lithuanian, malayalam, marathi, mongolian, mongolianlmc, monogreek, ngerman, n
german-x-2013-05-26, nynorsk, oriya, panjabi, pinyin, polish, portuguese, roman
ian, russian, sanskrit, serbian, slovak, slovenian, spanish, swedish, swissgerm
an, tamil, telugu, turkish, turkmen, ukenglish, ukrainian, uppersorbian, usengl
ishmax, welsh, loaded.
("C:\Program Files (x86)\MiKTeX 2.9\tex\latex\base\article.cls"
Document Class: article 2007/10/19 v1.4h Standard LaTeX document class
("C:\Program Files (x86)\MiKTeX 2.9\tex\latex\base\size11.clo"
File: size11.clo 2007/10/19 v1.4h Standard LaTeX file (size option)
)
\c@part=\count79
\c@section=\count80
\c@subsection=\count81
\c@subsubsection=\count82
\c@paragraph=\count83
\c@subparagraph=\count84
\c@figure=\count85
\c@table=\count86
\abovecaptionskip=\skip41
\belowcaptionskip=\skip42
\bibindent=\dimen102
)
("C:\Program Files (x86)\MiKTeX 2.9\tex\latex\geometry\geometry.sty"
Package: geometry 2010/09/12 v5.6 Page Geometry

("C:\Program Files (x86)\MiKTeX 2.9\tex\latex\graphics\keyval.sty"
Package: keyval 1999/03/16 v1.13 key=value parser (DPC)
\KV@toks@=\toks14
)
("C:\Program Files (x86)\MiKTeX 2.9\tex\generic\oberdiek\ifpdf.sty"
Package: ifpdf 2011/01/30 v2.3 Provides the ifpdf switch (HO)
Package ifpdf Info: pdfTeX in PDF mode is detected.
)
("C:\Program Files (x86)\MiKTeX 2.9\tex\generic\oberdiek\ifvtex.sty"
Package: ifvtex 2010/03/01 v1.5 Detect VTeX and its facilities (HO)
Package ifvtex Info: VTeX not detected.
)
("C:\Program Files (x86)\MiKTeX 2.9\tex\generic\ifxetex\ifxetex.sty"
Package: ifxetex 2010/09/12 v0.6 Provides ifxetex conditional
)
\Gm@cnth=\count87
\Gm@cntv=\count88
\c@Gm@tempcnt=\count89
\Gm@bindingoffset=\dimen103
\Gm@wd@mp=\dimen104
\Gm@odd@mp=\dimen105
\Gm@even@mp=\dimen106
\Gm@layoutwidth=\dimen107
\Gm@layoutheight=\dimen108
\Gm@layouthoffset=\dimen109
\Gm@layoutvoffset=\dimen110
\Gm@dimlist=\toks15

("C:\Program Files (x86)\MiKTeX 2.9\tex\latex\geometry\geometry.cfg"))
(C:\Users\nguyens\AppData\Roaming\MiKTeX\2.9\tex\latex\setspace\setspace.sty
Package: setspace 2011/12/19 v6.7a set line spacing
)
(C:\Users\nguyens\AppData\Roaming\MiKTeX\2.9\tex\latex\endnotes\endnotes.sty
\c@endnote=\count90
\endnotesep=\dimen111
\@enotes=\write3
)
("C:\Program Files (x86)\MiKTeX 2.9\tex\latex\amsmath\amsmath.sty"
Package: amsmath 2013/01/14 v2.14 AMS math features
\@mathmargin=\skip43

For additional information on amsmath, use the `?' option.
("C:\Program Files (x86)\MiKTeX 2.9\tex\latex\amsmath\amstext.sty"
Package: amstext 2000/06/29 v2.01

("C:\Program Files (x86)\MiKTeX 2.9\tex\latex\amsmath\amsgen.sty"
File: amsgen.sty 1999/11/30 v2.0
\@emptytoks=\toks16
\ex@=\dimen112
))
("C:\Program Files (x86)\MiKTeX 2.9\tex\latex\amsmath\amsbsy.sty"
Package: amsbsy 1999/11/29 v1.2d
\pmbraise@=\dimen113
)
("C:\Program Files (x86)\MiKTeX 2.9\tex\latex\amsmath\amsopn.sty"
Package: amsopn 1999/12/14 v2.01 operator names
)
\inf@bad=\count91
LaTeX Info: Redefining \frac on input line 210.
\uproot@=\count92
\leftroot@=\count93
LaTeX Info: Redefining \overline on input line 306.
\classnum@=\count94
\DOTSCASE@=\count95
LaTeX Info: Redefining \ldots on input line 378.
LaTeX Info: Redefining \dots on input line 381.
LaTeX Info: Redefining \cdots on input line 466.
\Mathstrutbox@=\box26
\strutbox@=\box27
\big@size=\dimen114
LaTeX Font Info:    Redeclaring font encoding OML on input line 566.
LaTeX Font Info:    Redeclaring font encoding OMS on input line 567.
\macc@depth=\count96
\c@MaxMatrixCols=\count97
\dotsspace@=\muskip10
\c@parentequation=\count98
\dspbrk@lvl=\count99
\tag@help=\toks17
\row@=\count100
\column@=\count101
\maxfields@=\count102
\andhelp@=\toks18
\eqnshift@=\dimen115
\alignsep@=\dimen116
\tagshift@=\dimen117
\tagwidth@=\dimen118
\totwidth@=\dimen119
\lineht@=\dimen120
\@envbody=\toks19
\multlinegap=\skip44
\multlinetaggap=\skip45
\mathdisplay@stack=\toks20
LaTeX Info: Redefining \[ on input line 2665.
LaTeX Info: Redefining \] on input line 2666.
)
("C:\Program Files (x86)\MiKTeX 2.9\tex\latex\amsfonts\amsfonts.sty"
Package: amsfonts 2013/01/14 v3.01 Basic AMSFonts support
\symAMSa=\mathgroup4
\symAMSb=\mathgroup5
LaTeX Font Info:    Overwriting math alphabet `\mathfrak' in version `bold'
(Font)                  U/euf/m/n --> U/euf/b/n on input line 106.
)
("C:\Program Files (x86)\MiKTeX 2.9\tex\latex\amsfonts\amssymb.sty"
Package: amssymb 2013/01/14 v3.01 AMS font symbols
)
(C:\Users\nguyens\AppData\Roaming\MiKTeX\2.9\tex\latex\url\url.sty
\Urlmuskip=\muskip11
Package: url 2013/09/16  ver 3.4  Verb mode for urls, etc.
)
("C:\Program Files (x86)\MiKTeX 2.9\tex\latex\graphics\graphicx.sty"
Package: graphicx 1999/02/16 v1.0f Enhanced LaTeX Graphics (DPC,SPQR)

("C:\Program Files (x86)\MiKTeX 2.9\tex\latex\graphics\graphics.sty"
Package: graphics 2009/02/05 v1.0o Standard LaTeX Graphics (DPC,SPQR)

("C:\Program Files (x86)\MiKTeX 2.9\tex\latex\graphics\trig.sty"
Package: trig 1999/03/16 v1.09 sin cos tan (DPC)
)
("C:\Program Files (x86)\MiKTeX 2.9\tex\latex\00miktex\graphics.cfg"
File: graphics.cfg 2007/01/18 v1.5 graphics configuration of teTeX/TeXLive
)
Package graphics Info: Driver file: pdftex.def on input line 91.

("C:\Program Files (x86)\MiKTeX 2.9\tex\latex\pdftex-def\pdftex.def"
File: pdftex.def 2011/05/27 v0.06d Graphics/color for pdfTeX

("C:\Program Files (x86)\MiKTeX 2.9\tex\generic\oberdiek\infwarerr.sty"
Package: infwarerr 2010/04/08 v1.3 Providing info/warning/error messages (HO)
)
("C:\Program Files (x86)\MiKTeX 2.9\tex\generic\oberdiek\ltxcmds.sty"
Package: ltxcmds 2011/11/09 v1.22 LaTeX kernel commands for general use (HO)
)
\Gread@gobject=\count103
))
\Gin@req@height=\dimen121
\Gin@req@width=\dimen122
)
(C:\Users\nguyens\AppData\Roaming\MiKTeX\2.9\tex\latex\booktabs\booktabs.sty
Package: booktabs 2005/04/14 v1.61803 publication quality tables
\heavyrulewidth=\dimen123
\lightrulewidth=\dimen124
\cmidrulewidth=\dimen125
\belowrulesep=\dimen126
\belowbottomsep=\dimen127
\aboverulesep=\dimen128
\abovetopsep=\dimen129
\cmidrulesep=\dimen130
\cmidrulekern=\dimen131
\defaultaddspace=\dimen132
\@cmidla=\count104
\@cmidlb=\count105
\@aboverulesep=\dimen133
\@belowrulesep=\dimen134
\@thisruleclass=\count106
\@lastruleclass=\count107
\@thisrulewidth=\dimen135
)
("C:\Program Files (x86)\MiKTeX 2.9\tex\latex\tools\longtable.sty"
Package: longtable 2004/02/01 v4.11 Multi-page Table package (DPC)
\LTleft=\skip46
\LTright=\skip47
\LTpre=\skip48
\LTpost=\skip49
\LTchunksize=\count108
\LTcapwidth=\dimen136
\LT@head=\box28
\LT@firsthead=\box29
\LT@foot=\box30
\LT@lastfoot=\box31
\LT@cols=\count109
\LT@rows=\count110
\c@LT@tables=\count111
\c@LT@chunks=\count112
\LT@p@ftn=\toks21
)
("C:\Program Files (x86)\MiKTeX 2.9\tex\latex\hyperref\hyperref.sty"
Package: hyperref 2012/11/06 v6.83m Hypertext links for LaTeX

("C:\Program Files (x86)\MiKTeX 2.9\tex\generic\oberdiek\hobsub-hyperref.sty"
Package: hobsub-hyperref 2012/04/25 v1.12 Bundle oberdiek, subset hyperref (HO)


("C:\Program Files (x86)\MiKTeX 2.9\tex\generic\oberdiek\hobsub-generic.sty"
Package: hobsub-generic 2012/04/25 v1.12 Bundle oberdiek, subset generic (HO)
Package: hobsub 2012/04/25 v1.12 Construct package bundles (HO)
Package hobsub Info: Skipping package `infwarerr' (already loaded).
Package hobsub Info: Skipping package `ltxcmds' (already loaded).
Package: ifluatex 2010/03/01 v1.3 Provides the ifluatex switch (HO)
Package ifluatex Info: LuaTeX not detected.
Package hobsub Info: Skipping package `ifvtex' (already loaded).
Package: intcalc 2007/09/27 v1.1 Expandable calculations with integers (HO)
Package hobsub Info: Skipping package `ifpdf' (already loaded).
Package: etexcmds 2011/02/16 v1.5 Avoid name clashes with e-TeX commands (HO)
Package etexcmds Info: Could not find \expanded.
(etexcmds)             That can mean that you are not using pdfTeX 1.50 or
(etexcmds)             that some package has redefined \expanded.
(etexcmds)             In the latter case, load this package earlier.
Package: kvsetkeys 2012/04/25 v1.16 Key value parser (HO)
Package: kvdefinekeys 2011/04/07 v1.3 Define keys (HO)
Package: pdftexcmds 2011/11/29 v0.20 Utility functions of pdfTeX for LuaTeX (HO
)
Package pdftexcmds Info: LuaTeX not detected.
Package pdftexcmds Info: \pdf@primitive is available.
Package pdftexcmds Info: \pdf@ifprimitive is available.
Package pdftexcmds Info: \pdfdraftmode found.
Package: pdfescape 2011/11/25 v1.13 Implements pdfTeX's escape features (HO)
Package: bigintcalc 2012/04/08 v1.3 Expandable calculations on big integers (HO
)
Package: bitset 2011/01/30 v1.1 Handle bit-vector datatype (HO)
Package: uniquecounter 2011/01/30 v1.2 Provide unlimited unique counter (HO)
)
Package hobsub Info: Skipping package `hobsub' (already loaded).
Package: letltxmacro 2010/09/02 v1.4 Let assignment for LaTeX macros (HO)
Package: hopatch 2011/06/24 v1.1 Wrapper for package hooks (HO)
Package: xcolor-patch 2011/01/30 xcolor patch
Package: atveryend 2011/06/30 v1.8 Hooks at the very end of document (HO)
Package atveryend Info: \enddocument detected (standard20110627).
Package: atbegshi 2011/10/05 v1.16 At begin shipout hook (HO)
Package: refcount 2011/10/16 v3.4 Data extraction from label references (HO)
Package: hycolor 2011/01/30 v1.7 Color options for hyperref/bookmark (HO)
)
("C:\Program Files (x86)\MiKTeX 2.9\tex\latex\oberdiek\auxhook.sty"
Package: auxhook 2011/03/04 v1.3 Hooks for auxiliary files (HO)
)
("C:\Program Files (x86)\MiKTeX 2.9\tex\latex\oberdiek\kvoptions.sty"
Package: kvoptions 2011/06/30 v3.11 Key value format for package options (HO)
)
\@linkdim=\dimen137
\Hy@linkcounter=\count113
\Hy@pagecounter=\count114

("C:\Program Files (x86)\MiKTeX 2.9\tex\latex\hyperref\pd1enc.def"
File: pd1enc.def 2012/11/06 v6.83m Hyperref: PDFDocEncoding definition (HO)
)
\Hy@SavedSpaceFactor=\count115

("C:\Program Files (x86)\MiKTeX 2.9\tex\latex\00miktex\hyperref.cfg"
File: hyperref.cfg 2002/06/06 v1.2 hyperref configuration of TeXLive
)
Package hyperref Info: Option `colorlinks' set `true' on input line 4319.
Package hyperref Info: Hyper figures OFF on input line 4443.
Package hyperref Info: Link nesting OFF on input line 4448.
Package hyperref Info: Hyper index ON on input line 4451.
Package hyperref Info: Plain pages OFF on input line 4458.
Package hyperref Info: Backreferencing OFF on input line 4463.
Package hyperref Info: Implicit mode ON; LaTeX internals redefined.
Package hyperref Info: Bookmarks ON on input line 4688.
\c@Hy@tempcnt=\count116
LaTeX Info: Redefining \url on input line 5041.
\XeTeXLinkMargin=\dimen138
\Fld@menulength=\count117
\Field@Width=\dimen139
\Fld@charsize=\dimen140
Package hyperref Info: Hyper figures OFF on input line 6295.
Package hyperref Info: Link nesting OFF on input line 6300.
Package hyperref Info: Hyper index ON on input line 6303.
Package hyperref Info: backreferencing OFF on input line 6310.
Package hyperref Info: Link coloring ON on input line 6313.
Package hyperref Info: Link coloring with OCG OFF on input line 6320.
Package hyperref Info: PDF/A mode OFF on input line 6325.
LaTeX Info: Redefining \ref on input line 6365.
LaTeX Info: Redefining \pageref on input line 6369.
\Hy@abspage=\count118
\c@Item=\count119
\c@Hfootnote=\count120
)

Package hyperref Message: Driver (autodetected): hpdftex.

("C:\Program Files (x86)\MiKTeX 2.9\tex\latex\hyperref\hpdftex.def"
File: hpdftex.def 2012/11/06 v6.83m Hyperref driver for pdfTeX
\Fld@listcount=\count121
\c@bookmark@seq@number=\count122

("C:\Program Files (x86)\MiKTeX 2.9\tex\latex\oberdiek\rerunfilecheck.sty"
Package: rerunfilecheck 2011/04/15 v1.7 Rerun checks for auxiliary files (HO)
Package uniquecounter Info: New unique counter `rerunfilecheck' on input line 2
82.
)
\Hy@SectionHShift=\skip50
)
(C:\Users\nguyens\AppData\Roaming\MiKTeX\2.9\tex\latex\natbib\natbib.sty
Package: natbib 2010/09/13 8.31b (PWD, AO)
\bibhang=\skip51
\bibsep=\skip52
LaTeX Info: Redefining \cite on input line 694.
\c@NAT@ctr=\count123
)
(C:\Users\nguyens\AppData\Roaming\MiKTeX\2.9\tex\latex\caption\caption.sty
Package: caption 2013/05/02 v3.3-89 Customizing captions (AR)

(C:\Users\nguyens\AppData\Roaming\MiKTeX\2.9\tex\latex\caption\caption3.sty
Package: caption3 2013/05/02 v1.6-88 caption3 kernel (AR)
Package caption3 Info: TeX engine: e-TeX on input line 57.
\captionmargin=\dimen141
\captionmargin@=\dimen142
\captionwidth=\dimen143
\caption@tempdima=\dimen144
\caption@indent=\dimen145
\caption@parindent=\dimen146
\caption@hangindent=\dimen147
)
\c@ContinuedFloat=\count124
Package caption Info: hyperref package is loaded.
Package caption Info: longtable package is loaded.

(C:\Users\nguyens\AppData\Roaming\MiKTeX\2.9\tex\latex\caption\ltcaption.sty
Package: ltcaption 2013/02/03 v1.3-62 longtable captions (AR)
))
No file eeesr_manuscript.aux.
LaTeX Font Info:    Checking defaults for OML/cmm/m/it on input line 15.
LaTeX Font Info:    ... okay on input line 15.
LaTeX Font Info:    Checking defaults for T1/cmr/m/n on input line 15.
LaTeX Font Info:    ... okay on input line 15.
LaTeX Font Info:    Checking defaults for OT1/cmr/m/n on input line 15.
LaTeX Font Info:    ... okay on input line 15.
LaTeX Font Info:    Checking defaults for OMS/cmsy/m/n on input line 15.
LaTeX Font Info:    ... okay on input line 15.
LaTeX Font Info:    Checking defaults for OMX/cmex/m/n on input line 15.
LaTeX Font Info:    ... okay on input line 15.
LaTeX Font Info:    Checking defaults for U/cmr/m/n on input line 15.
LaTeX Font Info:    ... okay on input line 15.
LaTeX Font Info:    Checking defaults for PD1/pdf/m/n on input line 15.
LaTeX Font Info:    ... okay on input line 15.
*geometry* driver: auto-detecting
*geometry* detected driver: pdftex
*geometry* verbose mode - [ preamble ] result:
* driver: pdftex
* paper: <default>
* layout: <same size as paper>
* layoutoffset:(h,v)=(0.0pt,0.0pt)
* modes: 
* h-part:(L,W,R)=(72.26999pt, 469.75502pt, 72.26999pt)
* v-part:(T,H,B)=(72.26999pt, 650.43001pt, 72.26999pt)
* \paperwidth=614.295pt
* \paperheight=794.96999pt
* \textwidth=469.75502pt
* \textheight=650.43001pt
* \oddsidemargin=0.0pt
* \evensidemargin=0.0pt
* \topmargin=-37.0pt
* \headheight=12.0pt
* \headsep=25.0pt
* \topskip=11.0pt
* \footskip=30.0pt
* \marginparwidth=59.0pt
* \marginparsep=10.0pt
* \columnsep=10.0pt
* \skip\footins=10.0pt plus 4.0pt minus 2.0pt
* \hoffset=0.0pt
* \voffset=0.0pt
* \mag=1000
* \@twocolumnfalse
* \@twosidefalse
* \@mparswitchfalse
* \@reversemarginfalse
* (1in=72.27pt=25.4mm, 1cm=28.453pt)

(C:\Users\nguyens\AppData\Roaming\MiKTeX\2.9\tex\context\base\supp-pdf.mkii
[Loading MPS to PDF converter (version 2006.09.02).]
\scratchcounter=\count125
\scratchdimen=\dimen148
\scratchbox=\box32
\nofMPsegments=\count126
\nofMParguments=\count127
\everyMPshowfont=\toks22
\MPscratchCnt=\count128
\MPscratchDim=\dimen149
\MPnumerator=\count129
\makeMPintoPDFobject=\count130
\everyMPtoPDFconversion=\toks23
)
\AtBeginShipoutBox=\box33
 ("C:\Program Files (x86)\MiKTeX 2.9\tex\latex\graphics\color.sty"
Package: color 2005/11/14 v1.0j Standard LaTeX Color (DPC)

("C:\Program Files (x86)\MiKTeX 2.9\tex\latex\00miktex\color.cfg"
File: color.cfg 2007/01/18 v1.5 color configuration of teTeX/TeXLive
)
Package color Info: Driver file: pdftex.def on input line 130.
)
Package hyperref Info: Link coloring ON on input line 15.

("C:\Program Files (x86)\MiKTeX 2.9\tex\latex\hyperref\nameref.sty"
Package: nameref 2012/10/27 v2.43 Cross-referencing by name of section

("C:\Program Files (x86)\MiKTeX 2.9\tex\generic\oberdiek\gettitlestring.sty"
Package: gettitlestring 2010/12/03 v1.4 Cleanup title references (HO)
)
\c@section@level=\count131
)
LaTeX Info: Redefining \ref on input line 15.
LaTeX Info: Redefining \pageref on input line 15.
LaTeX Info: Redefining \nameref on input line 15.
\@outlinefile=\write4
Package caption Info: Begin \AtBeginDocument code.
Package caption Info: End \AtBeginDocument code.
LaTeX Font Info:    Try loading font information for U+msa on input line 20.

("C:\Program Files (x86)\MiKTeX 2.9\tex\latex\amsfonts\umsa.fd"
File: umsa.fd 2013/01/14 v3.01 AMS symbols A
)
LaTeX Font Info:    Try loading font information for U+msb on input line 20.

("C:\Program Files (x86)\MiKTeX 2.9\tex\latex\amsfonts\umsb.fd"
File: umsb.fd 2013/01/14 v3.01 AMS symbols B
)

Package natbib Warning: Citation `Hibbs1973' on page 1 undefined on input line 
28.


Package natbib Warning: Citation `Stohletal1986' on page 1 undefined on input l
ine 28.


Package natbib Warning: Citation `Park1987' on page 1 undefined on input line 2
8.


Package natbib Warning: Citation `McCormickMitchell1988' on page 1 undefined on
 input line 28.


Package natbib Warning: Citation `Henderson1991' on page 1 undefined on input l
ine 28.


Package natbib Warning: Citation `Henderson1993' on page 1 undefined on input l
ine 28.


Package natbib Warning: Citation `PoeTate1994' on page 1 undefined on input lin
e 28.


Package natbib Warning: Citation `Davenport1995' on page 1 undefined on input l
ine 28.


Package natbib Warning: Citation `Fein1995' on page 1 undefined on input line 2
8.


Package natbib Warning: Citation `Davenport1999' on page 1 undefined on input l
ine 28.


Package natbib Warning: Citation `CingranelliRichards1999isq' on page 1 undefin
ed on input line 28.


Package natbib Warning: Citation `Keith1999' on page 1 undefined on input line 
28.


Package natbib Warning: Citation `Poeetal1999' on page 1 undefined on input lin
e 28.


Package natbib Warning: Citation `Apodaca2001' on page 1 undefined on input lin
e 28.


Package natbib Warning: Citation `RichardsGellenySacko2001' on page 1 undefined
 on input line 28.


Package natbib Warning: Citation `Hathaway2002' on page 1 undefined on input li
ne 28.


Package natbib Warning: Citation `Keith2002PRQ' on page 1 undefined on input li
ne 28.


Package natbib Warning: Citation `DavenportArmstrong2004' on page 1 undefined o
n input line 28.


Package natbib Warning: Citation `BDMetal2005' on page 1 undefined on input lin
e 28.


Package natbib Warning: Citation `HafnerBurton2005jpr' on page 1 undefined on i
nput line 28.


Package natbib Warning: Citation `HafnerBurtonTsutsui2005' on page 1 undefined 
on input line 28.


Package natbib Warning: Citation `Davenport2007AR' on page 1 undefined on input
 line 28.


Package natbib Warning: Citation `Davenport2007' on page 1 undefined on input l
ine 28.


Package natbib Warning: Citation `KeithTatePoe2009' on page 1 undefined on inpu
t line 28.


Package natbib Warning: Citation `CingranelliFilippov2010' on page 1 undefined 
on input line 28.


Package natbib Warning: Citation `ConradMoore2010' on page 1 undefined on input
 line 28.


Package natbib Warning: Citation `PoeTate1994' on page 1 undefined on input lin
e 28.


Package natbib Warning: Citation `CingranelliRichards1999isq' on page 1 undefin
ed on input line 28.


Package natbib Warning: Citation `Moore2010' on page 1 undefined on input line 
28.


Package natbib Warning: Citation `NorthWeingast1989' on page 1 undefined on inp
ut line 28.


Package natbib Warning: Citation `Weingast1997' on page 1 undefined on input li
ne 28.


Overfull \hbox (5.62627pt too wide) in paragraph at lines 28--29
\OT1/cmr/m/n/10.95 that ex-am-ines cross-national pat-terns of state re-pres-si
on (See, e.g., \OT1/cmr/bx/n/10.95 ??????????????????????????\OT1/cmr/m/n/10.95
 ).
 []


Package natbib Warning: Citation `HafnerBurtonTsutsui2005' on page 1 undefined 
on input line 30.


Package natbib Warning: Citation `Franklin2008' on page 1 undefined on input li
ne 30.


Package natbib Warning: Citation `MurdieDavis2012' on page 1 undefined on input
 line 30.


Package natbib Warning: Citation `HafnerBurton2005jpr' on page 1 undefined on i
nput line 30.


Package natbib Warning: Citation `AbouharbCingranelli2006' on page 1 undefined 
on input line 30.


Package natbib Warning: Citation `AbouharbCingranelli2007' on page 1 undefined 
on input line 30.


Package natbib Warning: Citation `Cross1999' on page 1 undefined on input line 
30.


Package natbib Warning: Citation `KeithTatePoe2009' on page 1 undefined on inpu
t line 30.


Package natbib Warning: Citation `Mitchell2013' on page 1 undefined on input li
ne 30.

[1

{C:/Users/nguyens/AppData/Local/MiKTeX/2.9/pdftex/config/pdftex.map}]

Package natbib Warning: Citation `Wardetal2010' on page 2 undefined on input li
ne 32.


Package natbib Warning: Citation `BeckKingZeng2000' on page 2 undefined on inpu
t line 32.


Package natbib Warning: Citation `Geisser1975' on page 2 undefined on input lin
e 34.


Package natbib Warning: Citation `Efron1983' on page 2 undefined on input line 
34.


Package natbib Warning: Citation `PicardCook1984' on page 2 undefined on input 
line 34.


Package natbib Warning: Citation `HastieTibshiraniFriedman2008' on page 2 undef
ined on input line 34.


Package natbib Warning: Citation `HoffWard2004' on page 2 undefined on input li
ne 34.


Package natbib Warning: Citation `WardHoff2007' on page 2 undefined on input li
ne 34.


Package natbib Warning: Citation `WardSiversonCao2007' on page 2 undefined on i
nput line 34.


Package natbib Warning: Citation `Wardetal2010' on page 2 undefined on input li
ne 34.


Package natbib Warning: Citation `breiman2001random' on page 2 undefined on inp
ut line 34.

[2]

Package natbib Warning: Citation `Davenport2007AR' on page 3 undefined on input
 line 36.


Package natbib Warning: Citation `NorthWeingast1989' on page 3 undefined on inp
ut line 38.


Package natbib Warning: Citation `Ordeshook1992' on page 3 undefined on input l
ine 38.


Package natbib Warning: Citation `Weingast1997' on page 3 undefined on input li
ne 38.


Package natbib Warning: Citation `Carey2000' on page 3 undefined on input line 
38.


Package natbib Warning: Citation `Vanberg2005' on page 3 undefined on input lin
e 38.


Package natbib Warning: Citation `ElkinsGinsburgMelton2009' on page 3 undefined
 on input line 38.


Package natbib Warning: Citation `PowellStaton2009' on page 3 undefined on inpu
t line 38.


Package natbib Warning: Citation `TaylorJodice1983' on page 3 undefined on inpu
t line 44.


Package natbib Warning: Citation `PoeTate1994' on page 3 undefined on input lin
e 44.


Package natbib Warning: Citation `PoeTate1994' on page 3 undefined on input lin
e 44.


Package natbib Warning: Citation `Poeetal1999' on page 3 undefined on input lin
e 44.


Package natbib Warning: Citation `Poe2001' on page 3 undefined on input line 44
.

[3]

Package natbib Warning: Citation `Davenport2007AR' on page 4 undefined on input
 line 46.


Package natbib Warning: Citation `Poe2004' on page 4 undefined on input line 46
.


Package natbib Warning: Citation `Tilly1978' on page 4 undefined on input line 
46.


Package natbib Warning: Citation `Tilly1985' on page 4 undefined on input line 
46.


Package natbib Warning: Citation `Gurr1986' on page 4 undefined on input line 4
6.


Package natbib Warning: Citation `Gurr1988' on page 4 undefined on input line 4
6.


Package natbib Warning: Citation `Davenport1995' on page 4 undefined on input l
ine 46.


Package natbib Warning: Citation `Francisco1995' on page 4 undefined on input l
ine 47.


Package natbib Warning: Citation `Moore1995jcr' on page 4 undefined on input li
ne 47.


Package natbib Warning: Citation `Francisco1996' on page 4 undefined on input l
ine 47.


Package natbib Warning: Citation `Rasler1996' on page 4 undefined on input line
 47.


Package natbib Warning: Citation `Moore1998' on page 4 undefined on input line 
47.


Package natbib Warning: Citation `Davenport2005' on page 4 undefined on input l
ine 47.


Package natbib Warning: Citation `Shellman2006' on page 4 undefined on input li
ne 47.


Package natbib Warning: Citation `FieldingShortland2010' on page 4 undefined on
 input line 47.


Package natbib Warning: Citation `RitterJCR' on page 4 undefined on input line 
47.


Package natbib Warning: Citation `Pierskalla2010' on page 4 undefined on input 
line 47.


Package natbib Warning: Citation `Davenport2007' on page 4 undefined on input l
ine 49.


Package natbib Warning: Citation `Henderson1991' on page 4 undefined on input l
ine 49.


Package natbib Warning: Citation `PoeTate1994' on page 4 undefined on input lin
e 49.


Package natbib Warning: Citation `Davenport1999' on page 4 undefined on input l
ine 49.


Package natbib Warning: Citation `Fein1995' on page 4 undefined on input line 4
9.


Package natbib Warning: Citation `DavenportArmstrong2004' on page 4 undefined o
n input line 49.


Package natbib Warning: Citation `BDMetal2005' on page 4 undefined on input lin
e 49.


Package natbib Warning: Citation `Davenport2007' on page 4 undefined on input l
ine 49.


Package natbib Warning: Citation `ConradMoore2010' on page 4 undefined on input
 line 49.


Package natbib Warning: Citation `Hill2013' on page 4 undefined on input line 4
9.


Package natbib Warning: Citation `MarshallJaggers2009' on page 4 undefined on i
nput line 49.


Package natbib Warning: Citation `Dahl1971' on page 4 undefined on input line 4
9.


Package natbib Warning: Citation `MunckVerkuilen2002' on page 4 undefined on in
put line 49.


Package natbib Warning: Citation `Davenport2007' on page 4 undefined on input l
ine 49.


Package natbib Warning: Citation `DavenportMooreArmstrong2007' on page 4 undefi
ned on input line 49.


Package natbib Warning: Citation `ConradMoore2010' on page 4 undefined on input
 line 49.


Package natbib Warning: Citation `Davenport1996JOP' on page 4 undefined on inpu
t line 51.


Package natbib Warning: Citation `Cross1999' on page 4 undefined on input line 
51.


Package natbib Warning: Citation `KeithTatePoe2009' on page 4 undefined on inpu
t line 51.


Package natbib Warning: Citation `PowellStaton2009' on page 4 undefined on inpu
t line 51.


Package natbib Warning: Citation `Mitchell2013' on page 4 undefined on input li
ne 51.


Package natbib Warning: Citation `NorthWeingast1989' on page 4 undefined on inp
ut line 51.


Package natbib Warning: Citation `Ordeshook1992' on page 4 undefined on input l
ine 51.


Package natbib Warning: Citation `Weingast1997' on page 4 undefined on input li
ne 51.


Package natbib Warning: Citation `Carey2000' on page 4 undefined on input line 
51.


Package natbib Warning: Citation `Vanberg2005' on page 4 undefined on input lin
e 51.


Package natbib Warning: Citation `ElkinsGinsburgMelton2009' on page 4 undefined
 on input line 51.


Package natbib Warning: Citation `PowellStaton2009' on page 4 undefined on inpu
t line 51.


Package natbib Warning: Citation `Mitchell2013' on page 4 undefined on input li
ne 51.


Package natbib Warning: Citation `Davenport1996JOP' on page 4 undefined on inpu
t line 51.


Package natbib Warning: Citation `Cross1999' on page 4 undefined on input line 
51.


Package natbib Warning: Citation `KeithTatePoe2009' on page 4 undefined on inpu
t line 51.


Package natbib Warning: Citation `Mitchell2013' on page 4 undefined on input li
ne 51.


Package natbib Warning: Citation `PowellStaton2009' on page 4 undefined on inpu
t line 51.


Package natbib Warning: Citation `Mitchell2013' on page 4 undefined on input li
ne 51.

[4]

Package natbib Warning: Citation `DemerittYoung2013' on page 5 undefined on inp
ut line 53.


Package natbib Warning: Citation `Ross2006' on page 5 undefined on input line 5
3.


Package natbib Warning: Citation `NordasDavenport2013' on page 5 undefined on i
nput line 53.


Package natbib Warning: Citation `Urdal2006' on page 5 undefined on input line 
53.


Package natbib Warning: Citation `HafnerBurton2005jpr' on page 5 undefined on i
nput line 55.


Package natbib Warning: Citation `Davenport2007AR' on page 5 undefined on input
 line 55.


Package natbib Warning: Citation `Meyer1996' on page 5 undefined on input line 
55.


Package natbib Warning: Citation `Apodaca2001' on page 5 undefined on input lin
e 55.


Package natbib Warning: Citation `RichardsGellenySacko2001' on page 5 undefined
 on input line 55.


Package natbib Warning: Citation `HafnerBurton2005jpr' on page 5 undefined on i
nput line 55.


Package natbib Warning: Citation `HafnerBurton2005jpr' on page 5 undefined on i
nput line 55.


Package natbib Warning: Citation `LeamerLeonard1983' on page 5 undefined on inp
ut line 55.


Package natbib Warning: Citation `AbouharbCingranelli2006' on page 5 undefined 
on input line 57.


Package natbib Warning: Citation `AbouharbCingranelli2007' on page 5 undefined 
on input line 57.


Package natbib Warning: Citation `HafnerBurton2005io' on page 5 undefined on in
put line 57.


Package natbib Warning: Citation `SpilkerBohmelt2012' on page 5 undefined on in
put line 57.

[5]

Package natbib Warning: Citation `HafnerBurtonTsutsui2005' on page 6 undefined 
on input line 59.


Package natbib Warning: Citation `Franklin2008' on page 6 undefined on input li
ne 59.


Package natbib Warning: Citation `HafnerBurton2008' on page 6 undefined on inpu
t line 59.


Package natbib Warning: Citation `MurdieDavis2012' on page 6 undefined on input
 line 59.


Package natbib Warning: Citation `HafnerBurton2008' on page 6 undefined on inpu
t line 59.


Package natbib Warning: Citation `Franklin2008' on page 6 undefined on input li
ne 59.


Package natbib Warning: Citation `MurdieDavis2012' on page 6 undefined on input
 line 59.


Package natbib Warning: Citation `Franklin2008' on page 6 undefined on input li
ne 59.


Package natbib Warning: Citation `MurdieDavis2012' on page 6 undefined on input
 line 59.


Package natbib Warning: Citation `Keith1999' on page 6 undefined on input line 
61.


Package natbib Warning: Citation `Hathaway2002' on page 6 undefined on input li
ne 61.


Package natbib Warning: Citation `Neumayer2005' on page 6 undefined on input li
ne 61.


Package natbib Warning: Citation `Simmons2009' on page 6 undefined on input lin
e 61.


Package natbib Warning: Citation `PowellStaton2009' on page 6 undefined on inpu
t line 61.


Package natbib Warning: Citation `Hill2010' on page 6 undefined on input line 6
1.


Package natbib Warning: Citation `ConradRitter2013' on page 6 undefined on inpu
t line 61.


Package natbib Warning: Citation `Lupu2013' on page 6 undefined on input line 6
1.


Package natbib Warning: Citation `Fariss2013' on page 6 undefined on input line
 61.


Package natbib Warning: Citation `Keith1999' on page 6 undefined on input line 
61.


Package natbib Warning: Citation `Hathaway2002' on page 6 undefined on input li
ne 61.


Package natbib Warning: Citation `Hill2010' on page 6 undefined on input line 6
1.


Package natbib Warning: Citation `Vreeland2008' on page 6 undefined on input li
ne 61.


Package natbib Warning: Citation `HollyerRosendorff2011' on page 6 undefined on
 input line 61.


Package natbib Warning: Citation `Fariss2013' on page 6 undefined on input line
 61.


Package natbib Warning: Citation `Neumayer2005' on page 6 undefined on input li
ne 61.


Package natbib Warning: Citation `Simmons2009' on page 6 undefined on input lin
e 61.


Package natbib Warning: Citation `Neumayer2005' on page 6 undefined on input li
ne 61.


Package natbib Warning: Citation `Simmons2009' on page 6 undefined on input lin
e 61.


Package natbib Warning: Citation `Simmons2009' on page 6 undefined on input lin
e 61.


Package natbib Warning: Citation `Neumayer2005' on page 6 undefined on input li
ne 61.


Package natbib Warning: Citation `ConradRitter2013' on page 6 undefined on inpu
t line 61.


Package natbib Warning: Citation `Lupu2013' on page 6 undefined on input line 6
1.


Package natbib Warning: Citation `PoeTate1994' on page 6 undefined on input lin
e 63.


Package natbib Warning: Citation `Gill1999' on page 6 undefined on input line 6
7.


Package natbib Warning: Citation `Wardetal2010' on page 6 undefined on input li
ne 67.


Package natbib Warning: Citation `PoeRostCarey2006' on page 6 undefined on inpu
t line 67.

[6]

Package natbib Warning: Citation `Freedman1983' on page 7 undefined on input li
ne 69.


Package natbib Warning: Citation `PicardCook1984' on page 7 undefined on input 
line 69.


Package natbib Warning: Citation `BeckKingZeng2000' on page 7 undefined on inpu
t line 69.


Package natbib Warning: Citation `Wardetal2010' on page 7 undefined on input li
ne 69.


Package natbib Warning: Citation `HastieTibshiraniFriedman2008' on page 7 undef
ined on input line 75.

[7]

Package natbib Warning: Citation `breiman2001random' on page 8 undefined on inp
ut line 79.


Package natbib Warning: Citation `berk2008statistical' on page 8 undefined on i
nput line 79.


Package natbib Warning: Citation `murphy2012machine' on page 8 undefined on inp
ut line 79.


Package natbib Warning: Citation `politis-sub' on page 8 undefined on input lin
e 79.


Package natbib Warning: Citation `strobl2007bias' on page 8 undefined on input 
line 79.


Package natbib Warning: Citation `hothorn2006unbiased' on page 8 undefined on i
nput line 79.


Package natbib Warning: Citation `biau2008consistency' on page 8 undefined on i
nput line 88.


Package natbib Warning: Citation `strobl2009introduction' on page 8 undefined o
n input line 88.

[8]

Package natbib Warning: Citation `ThemnerWallensteen2012' on page 9 undefined o
n input line 90.


Package natbib Warning: Citation `Urdal2006' on page 9 undefined on input line 
90.


Package natbib Warning: Citation `NordasDavenport2013' on page 9 undefined on i
nput line 90.


LaTeX Warning: Reference `fig:tree' on page 9 undefined on input line 90.


LaTeX Warning: Reference `fig:tree' on page 9 undefined on input line 90.


LaTeX Warning: File `tree.png' not found on input line 94.


! Package pdftex.def Error: File `tree.png' not found.

See the pdftex.def package documentation for explanation.
Type  H <return>  for immediate help.
 ...                                              
                                                  
l.94 \includegraphics[width=\textwidth]{tree.png}
                                                 
Using draft setting for this image.
Try typing  <return>  to proceed.
If that doesn't work, type  X <return>  to quit.


Package natbib Warning: Citation `strobl2009introduction' on page 9 undefined o
n input line 99.


Package natbib Warning: Citation `siroky2009navigating' on page 9 undefined on 
input line 99.


Package natbib Warning: Citation `hothorn2006unbiased' on page 9 undefined on i
nput line 99.


Package natbib Warning: Citation `hothorn2006unbiased' on page 9 undefined on i
nput line 99.


Package natbib Warning: Citation `strobl2007bias' on page 9 undefined on input 
line 99.


Package natbib Warning: Citation `PoeTate1994' on page 9 undefined on input lin
e 103.


Package natbib Warning: Citation `GibneyCornettWood2009' on page 9 undefined on
 input line 103.


Package natbib Warning: Citation `CIRI2010' on page 9 undefined on input line 1
03.


Package natbib Warning: Citation `WoodGibney2010' on page 9 undefined on input 
line 103.


Package natbib Warning: Citation `CingranelliRichards2010' on page 9 undefined 
on input line 103.


Package natbib Warning: Citation `Hathaway2004' on page 9 undefined on input li
ne 103.


Package natbib Warning: Citation `Rejali2007' on page 9 undefined on input line
 103.


Package natbib Warning: Citation `ConradMoore2010' on page 9 undefined on input
 line 103.


Package natbib Warning: Citation `Conrad2012' on page 9 undefined on input line
 103.


Package natbib Warning: Citation `ConradRitter2013' on page 9 undefined on inpu
t line 103.


Package natbib Warning: Citation `Tilly1978' on page 9 undefined on input line 
103.


Package natbib Warning: Citation `DellaPorta1996' on page 9 undefined on input 
line 103.


Package natbib Warning: Citation `Earl2003' on page 9 undefined on input line 1
03.


Package natbib Warning: Citation `Boykoff2007' on page 9 undefined on input lin
e 103.


Package natbib Warning: Citation `CingranelliRichards1999isq' on page 9 undefin
ed on input line 103.


Package natbib Warning: Citation `Fariss2013' on page 9 undefined on input line
 103.


Package natbib Warning: Citation `Fariss2013' on page 9 undefined on input line
 103.


Package natbib Warning: Citation `FarissSchnakenberg2011' on page 9 undefined o
n input line 103.


Package natbib Warning: Citation `Hathaway2002' on page 9 undefined on input li
ne 103.


Package natbib Warning: Citation `ConradHaglundMoore2012' on page 9 undefined o
n input line 103.


Package natbib Warning: Citation `EckHultman2007' on page 9 undefined on input 
line 103.


Package natbib Warning: Citation `HarffGurr1988' on page 9 undefined on input l
ine 103.


Package natbib Warning: Citation `Rummel1995' on page 9 undefined on input line
 103.


Package natbib Warning: Citation `MarshallHarffGurr2009' on page 9 undefined on
 input line 103.


Package natbib Warning: Citation `TaylorJodice1983' on page 9 undefined on inpu
t line 103.

[9] [10]

Package natbib Warning: Citation `Fariss2013' on page 11 undefined on input lin
e 105.


Package natbib Warning: Citation `Somers1962' on page 11 undefined on input lin
e 105.

[11]

Package natbib Warning: Citation `RonRamosRodgers2005' on page 12 undefined on 
input line 111.


LaTeX Warning: Reference `tab:vars' on page 12 undefined on input line 113.


Package natbib Warning: Citation `ThemnerWallensteen2012' on page 12 undefined 
on input line 113.


Package natbib Warning: Citation `PoeTate1994' on page 12 undefined on input li
ne 113.


Package natbib Warning: Citation `Gurr1988' on page 12 undefined on input line 
113.


Package natbib Warning: Citation `Davenport2007' on page 12 undefined on input 
line 113.

[12]

LaTeX Warning: Reference `tab:vars' on page 13 undefined on input line 163.


Package natbib Warning: Citation `MarshallJaggers2009' on page 13 undefined on 
input line 163.


Package natbib Warning: Citation `GleditschWard1997' on page 13 undefined on in
put line 163.


Package natbib Warning: Citation `Jones2013polity' on page 13 undefined on inpu
t line 163.


Package natbib Warning: Citation `Keith2002PRQ' on page 13 undefined on input l
ine 163.


Package natbib Warning: Citation `BDMetal2005' on page 13 undefined on input li
ne 163.

[13]

Package natbib Warning: Citation `RonRamosRodgers2005' on page 14 undefined on 
input line 165.


Package natbib Warning: Citation `HafnerBurton2008' on page 14 undefined on inp
ut line 165.


Package natbib Warning: Citation `MurdieDavis2012' on page 14 undefined on inpu
t line 165.


Package natbib Warning: Citation `KeithTatePoe2009' on page 14 undefined on inp
ut line 165.


LaTeX Warning: Reference `tab:vars' on page 14 undefined on input line 167.


Package natbib Warning: Citation `HafnerBurton2008' on page 14 undefined on inp
ut line 167.


Package natbib Warning: Citation `MurdieDavis2012' on page 14 undefined on inpu
t line 167.


Package natbib Warning: Citation `Franklin2008' on page 14 undefined on input l
ine 167.


LaTeX Warning: File `cv-ols.png' not found on input line 175.


! Package pdftex.def Error: File `cv-ols.png' not found.

See the pdftex.def package documentation for explanation.
Type  H <return>  for immediate help.
 ...                                              
                                                  
l.175 ...udegraphics[width=\textwidth]{cv-ols.png}
                                                  
Using draft setting for this image.
Try typing  <return>  to proceed.
If that doesn't work, type  X <return>  to quit.


LaTeX Warning: File `cv-lrm.png' not found on input line 182.


! Package pdftex.def Error: File `cv-lrm.png' not found.

See the pdftex.def package documentation for explanation.
Type  H <return>  for immediate help.
 ...                                              
                                                  
l.182 ...udegraphics[width=\textwidth]{cv-lrm.png}
                                                  
Using draft setting for this image.
Try typing  <return>  to proceed.
If that doesn't work, type  X <return>  to quit.


LaTeX Warning: Reference `fig:cv-ols' on page 14 undefined on input line 187.


LaTeX Warning: Reference `fig:cv-lrm-cwar' on page 14 undefined on input line 1
87.

[14] [15] [16]

LaTeX Warning: Reference `fig:cv-ols' on page 17 undefined on input line 189.


LaTeX Warning: Reference `fig:cv-lrm' on page 17 undefined on input line 189.


Package natbib Warning: Citation `Davenport2007AR' on page 17 undefined on inpu
t line 189.


Package natbib Warning: Citation `Keith2002PRQ' on page 17 undefined on input l
ine 191.


Package natbib Warning: Citation `BDMetal2005' on page 17 undefined on input li
ne 191.


Package natbib Warning: Citation `Haschke2011' on page 17 undefined on input li
ne 191.


Package natbib Warning: Citation `Urdal2006' on page 17 undefined on input line
 194.


Package natbib Warning: Citation `NordasDavenport2013' on page 17 undefined on 
input line 194.


Package natbib Warning: Citation `NorthWeingast1989' on page 17 undefined on in
put line 194.


Package natbib Warning: Citation `NordasDavenport2013' on page 17 undefined on 
input line 194.

[17]

LaTeX Warning: File `cv-ols-cwar.png' not found on input line 198.


! Package pdftex.def Error: File `cv-ols-cwar.png' not found.

See the pdftex.def package documentation for explanation.
Type  H <return>  for immediate help.
 ...                                              
                                                  
l.198 ...aphics[width=\textwidth]{cv-ols-cwar.png}
                                                  
Using draft setting for this image.
Try typing  <return>  to proceed.
If that doesn't work, type  X <return>  to quit.


LaTeX Warning: Reference `fig:cv-ols' on page 18 undefined on input line 199.


LaTeX Warning: Reference `fig:cv-ols' on page 18 undefined on input line 199.


LaTeX Warning: File `cv-lrm-cwar.png' not found on input line 205.


! Package pdftex.def Error: File `cv-lrm-cwar.png' not found.

See the pdftex.def package documentation for explanation.
Type  H <return>  for immediate help.
 ...                                              
                                                  
l.205 ...aphics[width=\textwidth]{cv-lrm-cwar.png}
                                                  
Using draft setting for this image.
Try typing  <return>  to proceed.
If that doesn't work, type  X <return>  to quit.


LaTeX Warning: Reference `fig:cv-lrm' on page 18 undefined on input line 206.


LaTeX Warning: Reference `fig:cv-lrm' on page 18 undefined on input line 206.


LaTeX Warning: Reference `fig:cv-ols-cwar' on page 18 undefined on input line 2
10.


LaTeX Warning: Reference `fig:cv-lrm-cwar' on page 18 undefined on input line 2
10.


Package natbib Warning: Citation `Fariss2013' on page 18 undefined on input lin
e 211.

[18] [19]

Package natbib Warning: Citation `CingranelliRichards1999isq' on page 20 undefi
ned on input line 215.


Package natbib Warning: Citation `Gurr1988' on page 20 undefined on input line 
217.

[20]

Package natbib Warning: Citation `MurdieDavis2012' on page 21 undefined on inpu
t line 219.


Package natbib Warning: Citation `HafnerBurton2005jpr' on page 21 undefined on 
input line 221.


Package natbib Warning: Citation `Keith1999' on page 21 undefined on input line
 221.


Package natbib Warning: Citation `Hathaway2002' on page 21 undefined on input l
ine 221.


Package natbib Warning: Citation `Neumayer2005' on page 21 undefined on input l
ine 221.


Package natbib Warning: Citation `Simmons2009' on page 21 undefined on input li
ne 221.


Package natbib Warning: Citation `PowellStaton2009' on page 21 undefined on inp
ut line 221.


Package natbib Warning: Citation `Hill2010' on page 21 undefined on input line 
221.


Package natbib Warning: Citation `ConradRitter2013' on page 21 undefined on inp
ut line 221.


Package natbib Warning: Citation `Lupu2013' on page 21 undefined on input line 
221.


Package natbib Warning: Citation `HafnerBurton2008' on page 21 undefined on inp
ut line 221.


Package natbib Warning: Citation `Franklin2008' on page 21 undefined on input l
ine 221.


Package natbib Warning: Citation `MurdieDavis2012' on page 21 undefined on inpu
t line 221.


LaTeX Warning: File `imp-ciri.png' not found on input line 225.


! Package pdftex.def Error: File `imp-ciri.png' not found.

See the pdftex.def package documentation for explanation.
Type  H <return>  for immediate help.
 ...                                              
                                                  
l.225 ...egraphics[width=\textwidth]{imp-ciri.png}
                                                  
Using draft setting for this image.
Try typing  <return>  to proceed.
If that doesn't work, type  X <return>  to quit.


LaTeX Warning: File `imp-aggregate.png' not found on input line 232.


! Package pdftex.def Error: File `imp-aggregate.png' not found.

See the pdftex.def package documentation for explanation.
Type  H <return>  for immediate help.
 ...                                              
                                                  
l.232 ...hics[width=\textwidth]{imp-aggregate.png}
                                                  
Using draft setting for this image.
Try typing  <return>  to proceed.
If that doesn't work, type  X <return>  to quit.


LaTeX Warning: Reference `fig:imp-ciri' on page 21 undefined on input line 233.



Package natbib Warning: Citation `Fariss2013' on page 21 undefined on input lin
e 233.


LaTeX Warning: Reference `fig:imp-ciri' on page 21 undefined on input line 233.



Package natbib Warning: Citation `Fariss2013' on page 21 undefined on input lin
e 233.


LaTeX Warning: Reference `fig:imp-ciri' on page 21 undefined on input line 237.



LaTeX Warning: Reference `fig:imp-aggregate' on page 21 undefined on input line
 237.


Package natbib Warning: Citation `Fariss2013' on page 21 undefined on input lin
e 237.


LaTeX Warning: File `all-ols.png' not found on input line 240.


! Package pdftex.def Error: File `all-ols.png' not found.

See the pdftex.def package documentation for explanation.
Type  H <return>  for immediate help.
 ...                                              
                                                  
l.240 ...degraphics[width=\textwidth]{all-ols.png}
                                                  
Using draft setting for this image.
Try typing  <return>  to proceed.
If that doesn't work, type  X <return>  to quit.


LaTeX Warning: Reference `fig:all-ols' on page 21 undefined on input line 245.


LaTeX Warning: Reference `fig:all-ols' on page 21 undefined on input line 245.


LaTeX Warning: Reference `fig:cv-ols' on page 21 undefined on input line 245.


Package natbib Warning: Citation `Wardetal2010' on page 21 undefined on input l
ine 245.

[21] [22] [23] [24]

Package natbib Warning: Citation `Lichbach1987' on page 25 undefined on input l
ine 249.


Package natbib Warning: Citation `Moore2000' on page 25 undefined on input line
 249.


Package natbib Warning: Citation `Pierskalla2010' on page 25 undefined on input
 line 249.


Package natbib Warning: Citation `RitterJCR' on page 25 undefined on input line
 249.


Package natbib Warning: Citation `MarshallJaggers2009' on page 25 undefined on 
input line 251.

[25]

Package natbib Warning: Citation `Hathaway2007' on page 26 undefined on input l
ine 263.


Package natbib Warning: Citation `RiosStaton2012' on page 26 undefined on input
 line 263.


Package natbib Warning: Citation `LinzerStaton2011' on page 26 undefined on inp
ut line 263.


Package natbib Warning: Citation `DemerittYoung2013' on page 26 undefined on in
put line 265.


Package natbib Warning: Citation `Huntington1991' on page 26 undefined on input
 line 265.


Package natbib Warning: Citation `BDMSmith2009' on page 26 undefined on input l
ine 265.


Package natbib Warning: Citation `Boix2003' on page 26 undefined on input line 
265.


Package natbib Warning: Citation `AcemogluRobinson2005' on page 26 undefined on
 input line 265.


Package natbib Warning: Citation `ClarkGolderGolder2013' on page 26 undefined o
n input line 265.


Package natbib Warning: Citation `NorthWeingast1989' on page 26 undefined on in
put line 267.


Package natbib Warning: Citation `Weingast1997' on page 26 undefined on input l
ine 267.


Package natbib Warning: Citation `Vanberg2005' on page 26 undefined on input li
ne 267.


Package natbib Warning: Citation `Vanberg2005' on page 26 undefined on input li
ne 267.


Package natbib Warning: Citation `Staton2006' on page 26 undefined on input lin
e 267.


Package natbib Warning: Citation `Carrubba2009' on page 26 undefined on input l
ine 267.


Package natbib Warning: Citation `StatonMoore2011' on page 26 undefined on inpu
t line 267.

[26]

Package natbib Warning: Citation `Hathaway2007' on page 27 undefined on input l
ine 269.


Package natbib Warning: Citation `PowellStaton2009' on page 27 undefined on inp
ut line 269.


Package natbib Warning: Citation `Simmons2009' on page 27 undefined on input li
ne 269.


Package natbib Warning: Citation `Conrad2012' on page 27 undefined on input lin
e 269.


Package natbib Warning: Citation `ConradRitter2013' on page 27 undefined on inp
ut line 269.


Package natbib Warning: Citation `RiosStaton2012' on page 27 undefined on input
 line 269.


Package natbib Warning: Citation `LinzerStaton2011' on page 27 undefined on inp
ut line 269.


Package natbib Warning: Citation `KeithTatePoe2009' on page 27 undefined on inp
ut line 271.


Package natbib Warning: Citation `Cross1999' on page 27 undefined on input line
 271.


Package natbib Warning: Citation `Mitchell2013' on page 27 undefined on input l
ine 271.


Package natbib Warning: Citation `NordasDavenport2013' on page 27 undefined on 
input line 273.


Package natbib Warning: Citation `Belletal2013' on page 27 undefined on input l
ine 277.


Package natbib Warning: Citation `Demerittetal2014' on page 27 undefined on inp
ut line 277.


Package natbib Warning: Citation `FarissSchnakenbergJCR' on page 27 undefined o
n input line 277.

[27]

Package natbib Warning: Citation `LeeAhlquist2011' on page 28 undefined on inpu
t line 281.


Package natbib Warning: Citation `WardAhlquist2014' on page 28 undefined on inp
ut line 281.


Package natbib Warning: Citation `Brandtetal2011' on page 28 undefined on input
 line 283.


Package natbib Warning: Citation `Bagozzietal' on page 28 undefined on input li
ne 283.


Package natbib Warning: Citation `Bagozzi2013' on page 28 undefined on input li
ne 283.


Package natbib Warning: Citation `Wardetal2012' on page 28 undefined on input l
ine 283.

[28]
No file eeesr_manuscript.bbl.

Package natbib Warning: Citation `gleditsch2002expanded' on page 29 undefined o
n input line 296.


Package natbib Warning: Citation `summers1991penn' on page 29 undefined on inpu
t line 296.


Package natbib Warning: Citation `gleditsch2002expanded' on page 29 undefined o
n input line 296.


Package natbib Warning: Citation `Urdal2006' on page 29 undefined on input line
 298.


Package natbib Warning: Citation `Ross2006' on page 29 undefined on input line 
300.


Package natbib Warning: Citation `ThemnerWallensteen2012' on page 29 undefined 
on input line 302.


Package natbib Warning: Citation `MarshallJaggers2009' on page 29 undefined on 
input line 304.


Package natbib Warning: Citation `beck2001new' on page 29 undefined on input li
ne 306.


Package natbib Warning: Citation `KeithTatePoe2009' on page 29 undefined on inp
ut line 308.


Package natbib Warning: Citation `powell2007international' on page 29 undefined
 on input line 311.


Package natbib Warning: Citation `WorldBank2012' on page 29 undefined on input 
line 313.


Package natbib Warning: Citation `AbouharbCingranelli2007' on page 29 undefined
 on input line 315.


Package natbib Warning: Citation `SpilkerBohmelt2012' on page 29 undefined on i
nput line 317.

[29]

Package natbib Warning: Citation `HafnerBurtonTsutsui2005' on page 30 undefined
 on input line 319.


Package natbib Warning: Citation `RonRamosRodgers2005' on page 30 undefined on 
input line 319.


Package natbib Warning: Citation `MurdieDavis2012' on page 30 undefined on inpu
t line 319.


Package natbib Warning: Citation `RonRamosRodgers2005' on page 30 undefined on 
input line 319.


LaTeX Warning: File `cv-ols-ldv.png' not found on input line 326.


! Package pdftex.def Error: File `cv-ols-ldv.png' not found.

See the pdftex.def package documentation for explanation.
Type  H <return>  for immediate help.
 ...                                              
                                                  
l.326 ...raphics[width=\textwidth]{cv-ols-ldv.png}
                                                  
Using draft setting for this image.
Try typing  <return>  to proceed.
If that doesn't work, type  X <return>  to quit.


LaTeX Warning: Reference `fig:cv-ols' on page 30 undefined on input line 327.


LaTeX Warning: Reference `fig:cv-ols' on page 30 undefined on input line 327.


LaTeX Warning: File `cv-lrm-ldv.png' not found on input line 332.


! Package pdftex.def Error: File `cv-lrm-ldv.png' not found.

See the pdftex.def package documentation for explanation.
Type  H <return>  for immediate help.
 ...                                              
                                                  
l.332 ...raphics[width=\textwidth]{cv-lrm-ldv.png}
                                                  
Using draft setting for this image.
Try typing  <return>  to proceed.
If that doesn't work, type  X <return>  to quit.


LaTeX Warning: Reference `fig:cv-lrm' on page 30 undefined on input line 333.


LaTeX Warning: Reference `fig:cv-lrm' on page 30 undefined on input line 333.


LaTeX Warning: File `cv-lrm-pts.png' not found on input line 338.


! Package pdftex.def Error: File `cv-lrm-pts.png' not found.

See the pdftex.def package documentation for explanation.
Type  H <return>  for immediate help.
 ...                                              
                                                  
l.338 ...raphics[width=\textwidth]{cv-lrm-pts.png}
                                                  
Using draft setting for this image.
Try typing  <return>  to proceed.
If that doesn't work, type  X <return>  to quit.


LaTeX Warning: Reference `fig:cv-lrm' on page 30 undefined on input line 339.


LaTeX Warning: Reference `fig:cv-lrm' on page 30 undefined on input line 339.


LaTeX Warning: Reference `fig:cv-lrm' on page 30 undefined on input line 339.


LaTeX Warning: Reference `fig:cv-lrm' on page 30 undefined on input line 339.


LaTeX Warning: File `cv-lrm-cwar-pts.png' not found on input line 344.


! Package pdftex.def Error: File `cv-lrm-cwar-pts.png' not found.

See the pdftex.def package documentation for explanation.
Type  H <return>  for immediate help.
 ...                                              
                                                  
l.344 ...cs[width=\textwidth]{cv-lrm-cwar-pts.png}
                                                  
Using draft setting for this image.
Try typing  <return>  to proceed.
If that doesn't work, type  X <return>  to quit.


LaTeX Warning: Reference `fig:cv-lrm-cwar' on page 30 undefined on input line 3
45.


LaTeX Warning: Reference `fig:cv-lrm-cwar' on page 30 undefined on input line 3
45.


LaTeX Warning: Reference `fig:cv-lrm-cwar' on page 30 undefined on input line 3
45.


LaTeX Warning: Reference `fig:cv-lrm-cwar' on page 30 undefined on input line 3
45.

[30] [31] [32] [33] [34]

LaTeX Warning: File `all-ols-cwar.png' not found on input line 354.


! Package pdftex.def Error: File `all-ols-cwar.png' not found.

See the pdftex.def package documentation for explanation.
Type  H <return>  for immediate help.
 ...                                              
                                                  
l.354 ...phics[width=\textwidth]{all-ols-cwar.png}
                                                  
Using draft setting for this image.
Try typing  <return>  to proceed.
If that doesn't work, type  X <return>  to quit.


LaTeX Warning: Reference `fig:all-ols' on page 35 undefined on input line 355.


LaTeX Warning: Reference `fig:all-ols' on page 35 undefined on input line 355.


LaTeX Warning: File `all-ols-ldv.png' not found on input line 360.


! Package pdftex.def Error: File `all-ols-ldv.png' not found.

See the pdftex.def package documentation for explanation.
Type  H <return>  for immediate help.
 ...                                              
                                                  
l.360 ...aphics[width=\textwidth]{all-ols-ldv.png}
                                                  
Using draft setting for this image.
Try typing  <return>  to proceed.
If that doesn't work, type  X <return>  to quit.


LaTeX Warning: Reference `fig:all-ols' on page 35 undefined on input line 361.


LaTeX Warning: Reference `fig:all-ols' on page 35 undefined on input line 361.


LaTeX Warning: File `all-lrm.png' not found on input line 366.


! Package pdftex.def Error: File `all-lrm.png' not found.

See the pdftex.def package documentation for explanation.
Type  H <return>  for immediate help.
 ...                                              
                                                  
l.366 ...degraphics[width=\textwidth]{all-lrm.png}
                                                  
Using draft setting for this image.
Try typing  <return>  to proceed.
If that doesn't work, type  X <return>  to quit.


LaTeX Warning: File `all-lrm-cwar.png' not found on input line 372.


! Package pdftex.def Error: File `all-lrm-cwar.png' not found.

See the pdftex.def package documentation for explanation.
Type  H <return>  for immediate help.
 ...                                              
                                                  
l.372 ...phics[width=\textwidth]{all-lrm-cwar.png}
                                                  
Using draft setting for this image.
Try typing  <return>  to proceed.
If that doesn't work, type  X <return>  to quit.


LaTeX Warning: Reference `fig:all-lrm' on page 35 undefined on input line 373.


LaTeX Warning: Reference `fig:all-lrm' on page 35 undefined on input line 373.


LaTeX Warning: File `all-lrm-ldv.png' not found on input line 378.


! Package pdftex.def Error: File `all-lrm-ldv.png' not found.

See the pdftex.def package documentation for explanation.
Type  H <return>  for immediate help.
 ...                                              
                                                  
l.378 ...aphics[width=\textwidth]{all-lrm-ldv.png}
                                                  
Using draft setting for this image.
Try typing  <return>  to proceed.
If that doesn't work, type  X <return>  to quit.


LaTeX Warning: Reference `fig:all-lrm' on page 35 undefined on input line 379.


LaTeX Warning: Reference `fig:all-lrm' on page 35 undefined on input line 379.


Package natbib Warning: There were undefined citations.

Package atveryend Info: Empty hook `BeforeClearDocument' on input line 383.
[35

] [36] [37] [38] [39]
Package atveryend Info: Empty hook `AfterLastShipout' on input line 383.

("D:\Datasets\Hill and Jones - Empirical Evaluation of HR Variables\eeesr-maste
r\manuscript\eeesr_manuscript.aux")
Package atveryend Info: Executing hook `AtVeryEndDocument' on input line 383.
Package atveryend Info: Executing hook `AtEndAfterFileList' on input line 383.


Package rerunfilecheck Warning: File `eeesr_manuscript.out' has changed.
(rerunfilecheck)                Rerun to get outlines right
(rerunfilecheck)                or use package `bookmark'.

Package rerunfilecheck Info: Checksums for `eeesr_manuscript.out':
(rerunfilecheck)             Before: <no file>
(rerunfilecheck)             After:  AD8851947A3D300613D7DE6480C05A4C;184.

LaTeX Warning: There were undefined references.


LaTeX Warning: Label(s) may have changed. Rerun to get cross-references right.

Package atveryend Info: Empty hook `AtVeryVeryEnd' on input line 383.
 ) 
Here is how much of TeX's memory you used:
 8216 strings out of 493921
 121706 string characters out of 3144870
 216340 words of memory out of 3000000
 11267 multiletter control sequences out of 15000+200000
 17185 words of font info for 66 fonts, out of 3000000 for 9000
 841 hyphenation exceptions out of 8191
 36i,13n,39p,3815b,342s stack positions out of 5000i,500n,10000p,200000b,50000s
<C:/Program Files (x86)/MiKTeX 2.9/fonts/type1/public/amsfonts/cm/cmbx10.pfb>
<C:/Program Files (x86)/MiKTeX 2.9/fonts/type1/public/amsfonts/cm/cmbx12.pfb><C
:/Program Files (x86)/MiKTeX 2.9/fonts/type1/public/amsfonts/cm/cmbx9.pfb><C:/P
rogram Files (x86)/MiKTeX 2.9/fonts/type1/public/amsfonts/cmextra/cmex9.pfb><C:
/Program Files (x86)/MiKTeX 2.9/fonts/type1/public/amsfonts/cm/cmmi10.pfb><C:/P
rogram Files (x86)/MiKTeX 2.9/fonts/type1/public/amsfonts/cm/cmmi6.pfb><C:/Prog
ram Files (x86)/MiKTeX 2.9/fonts/type1/public/amsfonts/cm/cmmi8.pfb><C:/Program
 Files (x86)/MiKTeX 2.9/fonts/type1/public/amsfonts/cm/cmmi9.pfb><C:/Program Fi
les (x86)/MiKTeX 2.9/fonts/type1/public/amsfonts/cm/cmr10.pfb><C:/Program Files
 (x86)/MiKTeX 2.9/fonts/type1/public/amsfonts/cm/cmr12.pfb><C:/Program Files (x
86)/MiKTeX 2.9/fonts/type1/public/amsfonts/cm/cmr17.pfb><C:/Program Files (x86)
/MiKTeX 2.9/fonts/type1/public/amsfonts/cm/cmr5.pfb><C:/Program Files (x86)/MiK
TeX 2.9/fonts/type1/public/amsfonts/cm/cmr6.pfb><C:/Program Files (x86)/MiKTeX 
2.9/fonts/type1/public/amsfonts/cm/cmr8.pfb><C:/Program Files (x86)/MiKTeX 2.9/
fonts/type1/public/amsfonts/cm/cmr9.pfb><C:/Program Files (x86)/MiKTeX 2.9/font
s/type1/public/amsfonts/cm/cmsy10.pfb><C:/Program Files (x86)/MiKTeX 2.9/fonts/
type1/public/amsfonts/cm/cmsy6.pfb><C:/Program Files (x86)/MiKTeX 2.9/fonts/typ
e1/public/amsfonts/cm/cmsy8.pfb><C:/Program Files (x86)/MiKTeX 2.9/fonts/type1/
public/amsfonts/cm/cmsy9.pfb><C:/Program Files (x86)/MiKTeX 2.9/fonts/type1/pub
lic/amsfonts/cm/cmti10.pfb><C:/Program Files (x86)/MiKTeX 2.9/fonts/type1/publi
c/amsfonts/cm/cmti9.pfb><C:/Program Files (x86)/MiKTeX 2.9/fonts/type1/public/a
msfonts/cm/cmtt10.pfb><C:/Program Files (x86)/MiKTeX 2.9/fonts/type1/public/ams
fonts/cm/cmtt9.pfb>
Output written on eeesr_manuscript.pdf (39 pages, 401805 bytes).
PDF statistics:
 452 PDF objects out of 1000 (max. 8388607)
 135 named destinations out of 1000 (max. 500000)
 1 words of extra memory for PDF output out of 10000 (max. 10000000)

